# JRE version: OpenJDK Runtime Environment (8.0_242-b01) (build 1.8.0_242-release-1644-b01)
# Java VM: OpenJDK 64-Bit Server VM (25.242-b01 mixed mode windows-amd64 compressed oops)
Heap:
 PSYoungGen      total 632320K, used 584205K [0x00000000d5580000, 0x0000000100000000, 0x0000000100000000)
  eden space 592896K, 91% used [0x00000000d5580000,0x00000000f6987888,0x00000000f9880000)
  from space 39424K, 99% used [0x00000000fb300000,0x00000000fd97bbf0,0x00000000fd980000)
  to   space 39424K, 0% used [0x00000000fd980000,0x00000000fd980000,0x0000000100000000)
 ParOldGen       total 160768K, used 128892K [0x0000000080000000, 0x0000000089d00000, 0x00000000d5580000)
  object space 160768K, 80% used [0x0000000080000000,0x0000000087ddf2d0,0x0000000089d00000)
 Metaspace       used 137786K, capacity 145432K, committed 145600K, reserved 1175552K
  class space    used 17918K, capacity 19373K, committed 19456K, reserved 1048576K
GC Heap History (10 events):
Event: 283.644 GC heap before
{Heap before GC invocations=21 (full 3):
 PSYoungGen      total 492544K, used 117442K [0x00000000d5580000, 0x00000000fc880000, 0x0000000100000000)
  eden space 470528K, 20% used [0x00000000d5580000,0x00000000db2b78d8,0x00000000f2100000)
  from space 22016K, 99% used [0x00000000f2100000,0x00000000f3679038,0x00000000f3680000)
  to   space 30208K, 0% used [0x00000000fab00000,0x00000000fab00000,0x00000000fc880000)
 ParOldGen       total 113664K, used 74288K [0x0000000080000000, 0x0000000086f00000, 0x00000000d5580000)
  object space 113664K, 65% used [0x0000000080000000,0x000000008488c218,0x0000000086f00000)
 Metaspace       used 93693K, capacity 98426K, committed 98496K, reserved 1134592K
  class space    used 12362K, capacity 13301K, committed 13312K, reserved 1048576K
Event: 283.689 GC heap after
Heap after GC invocations=21 (full 3):
 PSYoungGen      total 587264K, used 8849K [0x00000000d5580000, 0x00000000fbb80000, 0x0000000100000000)
  eden space 570368K, 0% used [0x00000000d5580000,0x00000000d5580000,0x00000000f8280000)
  from space 16896K, 52% used [0x00000000fab00000,0x00000000fb3a44d0,0x00000000fbb80000)
  to   space 29184K, 0% used [0x00000000f8280000,0x00000000f8280000,0x00000000f9f00000)
 ParOldGen       total 113664K, used 82347K [0x0000000080000000, 0x0000000086f00000, 0x00000000d5580000)
  object space 113664K, 72% used [0x0000000080000000,0x000000008506ae40,0x0000000086f00000)
 Metaspace       used 93693K, capacity 98426K, committed 98496K, reserved 1134592K
  class space    used 12362K, capacity 13301K, committed 13312K, reserved 1048576K
}
Event: 283.689 GC heap before
{Heap before GC invocations=22 (full 4):
 PSYoungGen      total 587264K, used 8849K [0x00000000d5580000, 0x00000000fbb80000, 0x0000000100000000)
  eden space 570368K, 0% used [0x00000000d5580000,0x00000000d5580000,0x00000000f8280000)
  from space 16896K, 52% used [0x00000000fab00000,0x00000000fb3a44d0,0x00000000fbb80000)
  to   space 29184K, 0% used [0x00000000f8280000,0x00000000f8280000,0x00000000f9f00000)
 ParOldGen       total 113664K, used 82347K [0x0000000080000000, 0x0000000086f00000, 0x00000000d5580000)
  object space 113664K, 72% used [0x0000000080000000,0x000000008506ae40,0x0000000086f00000)
 Metaspace       used 93693K, capacity 98426K, committed 98496K, reserved 1134592K
  class space    used 12362K, capacity 13301K, committed 13312K, reserved 1048576K
Event: 284.251 GC heap after
Heap after GC invocations=22 (full 4):
 PSYoungGen      total 587264K, used 0K [0x00000000d5580000, 0x00000000fbb80000, 0x0000000100000000)
  eden space 570368K, 0% used [0x00000000d5580000,0x00000000d5580000,0x00000000f8280000)
  from space 16896K, 0% used [0x00000000fab00000,0x00000000fab00000,0x00000000fbb80000)
  to   space 29184K, 0% used [0x00000000f8280000,0x00000000f8280000,0x00000000f9f00000)
 ParOldGen       total 160768K, used 59504K [0x0000000080000000, 0x0000000089d00000, 0x00000000d5580000)
  object space 160768K, 37% used [0x0000000080000000,0x0000000083a1c348,0x0000000089d00000)
 Metaspace       used 93568K, capacity 98058K, committed 98496K, reserved 1134592K
  class space    used 12321K, capacity 13229K, committed 13312K, reserved 1048576K
}
Event: 300.724 GC heap before
{Heap before GC invocations=23 (full 4):
 PSYoungGen      total 587264K, used 570368K [0x00000000d5580000, 0x00000000fbb80000, 0x0000000100000000)
  eden space 570368K, 100% used [0x00000000d5580000,0x00000000f8280000,0x00000000f8280000)
  from space 16896K, 0% used [0x00000000fab00000,0x00000000fab00000,0x00000000fbb80000)
  to   space 29184K, 0% used [0x00000000f8280000,0x00000000f8280000,0x00000000f9f00000)
 ParOldGen       total 160768K, used 59504K [0x0000000080000000, 0x0000000089d00000, 0x00000000d5580000)
  object space 160768K, 37% used [0x0000000080000000,0x0000000083a1c348,0x0000000089d00000)
 Metaspace       used 114858K, capacity 120252K, committed 120640K, reserved 1153024K
  class space    used 15091K, capacity 16145K, committed 16256K, reserved 1048576K
Event: 300.824 GC heap after
Heap after GC invocations=23 (full 4):
 PSYoungGen      total 599552K, used 29165K [0x00000000d5580000, 0x0000000100000000, 0x0000000100000000)
  eden space 570368K, 0% used [0x00000000d5580000,0x00000000d5580000,0x00000000f8280000)
  from space 29184K, 99% used [0x00000000f8280000,0x00000000f9efb740,0x00000000f9f00000)
  to   space 39424K, 0% used [0x00000000fd980000,0x00000000fd980000,0x0000000100000000)
 ParOldGen       total 160768K, used 74673K [0x0000000080000000, 0x0000000089d00000, 0x00000000d5580000)
  object space 160768K, 46% used [0x0000000080000000,0x00000000848ec7f8,0x0000000089d00000)
 Metaspace       used 114858K, capacity 120252K, committed 120640K, reserved 1153024K
  class space    used 15091K, capacity 16145K, committed 16256K, reserved 1048576K
}
Event: 337.168 GC heap before
{Heap before GC invocations=24 (full 4):
 PSYoungGen      total 599552K, used 599533K [0x00000000d5580000, 0x0000000100000000, 0x0000000100000000)
  eden space 570368K, 100% used [0x00000000d5580000,0x00000000f8280000,0x00000000f8280000)
  from space 29184K, 99% used [0x00000000f8280000,0x00000000f9efb740,0x00000000f9f00000)
  to   space 39424K, 0% used [0x00000000fd980000,0x00000000fd980000,0x0000000100000000)
 ParOldGen       total 160768K, used 74673K [0x0000000080000000, 0x0000000089d00000, 0x00000000d5580000)
  object space 160768K, 46% used [0x0000000080000000,0x00000000848ec7f8,0x0000000089d00000)
 Metaspace       used 119205K, capacity 124928K, committed 125120K, reserved 1157120K
  class space    used 15642K, capacity 16787K, committed 16896K, reserved 1048576K
Event: 337.233 GC heap after
Heap after GC invocations=24 (full 4):
 PSYoungGen      total 659456K, used 21563K [0x00000000d5580000, 0x0000000100000000, 0x0000000100000000)
  eden space 620032K, 0% used [0x00000000d5580000,0x00000000d5580000,0x00000000fb300000)
  from space 39424K, 54% used [0x00000000fd980000,0x00000000fee8efd0,0x0000000100000000)
  to   space 39424K, 0% used [0x00000000fb300000,0x00000000fb300000,0x00000000fd980000)
 ParOldGen       total 160768K, used 95259K [0x0000000080000000, 0x0000000089d00000, 0x00000000d5580000)
  object space 160768K, 59% used [0x0000000080000000,0x0000000085d06f90,0x0000000089d00000)
 Metaspace       used 119205K, capacity 124928K, committed 125120K, reserved 1157120K
  class space    used 15642K, capacity 16787K, committed 16896K, reserved 1048576K
}
Event: 1891.298 GC heap before
{Heap before GC invocations=25 (full 4):
 PSYoungGen      total 659456K, used 641595K [0x00000000d5580000, 0x0000000100000000, 0x0000000100000000)
  eden space 620032K, 100% used [0x00000000d5580000,0x00000000fb300000,0x00000000fb300000)
  from space 39424K, 54% used [0x00000000fd980000,0x00000000fee8efd0,0x0000000100000000)
  to   space 39424K, 0% used [0x00000000fb300000,0x00000000fb300000,0x00000000fd980000)
 ParOldGen       total 160768K, used 95259K [0x0000000080000000, 0x0000000089d00000, 0x00000000d5580000)
  object space 160768K, 59% used [0x0000000080000000,0x0000000085d06f90,0x0000000089d00000)
 Metaspace       used 131257K, capacity 138024K, committed 138176K, reserved 1169408K
  class space    used 17048K, capacity 18371K, committed 18432K, reserved 1048576K
Event: 1891.415 GC heap after
Heap after GC invocations=25 (full 4):
 PSYoungGen      total 632320K, used 39406K [0x00000000d5580000, 0x0000000100000000, 0x0000000100000000)
  eden space 592896K, 0% used [0x00000000d5580000,0x00000000d5580000,0x00000000f9880000)
  from space 39424K, 99% used [0x00000000fb300000,0x00000000fd97bbf0,0x00000000fd980000)
  to   space 39424K, 0% used [0x00000000fd980000,0x00000000fd980000,0x0000000100000000)
 ParOldGen       total 160768K, used 128892K [0x0000000080000000, 0x0000000089d00000, 0x00000000d5580000)
  object space 160768K, 80% used [0x0000000080000000,0x0000000087ddf2d0,0x0000000089d00000)
 Metaspace       used 131257K, capacity 138024K, committed 138176K, reserved 1169408K
  class space    used 17048K, capacity 18371K, committed 18432K, reserved 1048576K
}

