# JRE version: OpenJDK Runtime Environment (8.0_242-b01) (build 1.8.0_242-release-1644-b01)
# Java VM: OpenJDK 64-Bit Server VM (25.242-b01 mixed mode windows-amd64 compressed oops)
Heap:
 PSYoungGen      total 635904K, used 551390K [0x00000000d5580000, 0x0000000100000000, 0x0000000100000000)
  eden space 607744K, 86% used [0x00000000d5580000,0x00000000f54791b0,0x00000000fa700000)
  from space 28160K, 99% used [0x00000000fe300000,0x00000000ffe7e920,0x00000000ffe80000)
  to   space 45568K, 0% used [0x00000000fa700000,0x00000000fa700000,0x00000000fd380000)
 ParOldGen       total 212480K, used 112756K [0x0000000080000000, 0x000000008cf80000, 0x00000000d5580000)
  object space 212480K, 53% used [0x0000000080000000,0x0000000086e1d0f8,0x000000008cf80000)
 Metaspace       used 92373K, capacity 96946K, committed 97176K, reserved 1134592K
  class space    used 12139K, capacity 12943K, committed 12976K, reserved 1048576K
GC Heap History (10 events):
Event: 53.391 GC heap before
{Heap before GC invocations=32 (full 4):
 PSYoungGen      total 460288K, used 439359K [0x00000000d5580000, 0x00000000f6b80000, 0x0000000100000000)
  eden space 432640K, 100% used [0x00000000d5580000,0x00000000efc00000,0x00000000efc00000)
  from space 27648K, 24% used [0x00000000efc00000,0x00000000f028fc08,0x00000000f1700000)
  to   space 26112K, 0% used [0x00000000f5200000,0x00000000f5200000,0x00000000f6b80000)
 ParOldGen       total 212480K, used 73963K [0x0000000080000000, 0x000000008cf80000, 0x00000000d5580000)
  object space 212480K, 34% used [0x0000000080000000,0x000000008483ae90,0x000000008cf80000)
 Metaspace       used 80201K, capacity 84102K, committed 85400K, reserved 1122304K
  class space    used 10870K, capacity 11596K, committed 11952K, reserved 1048576K
Event: 53.422 GC heap after
Heap after GC invocations=32 (full 4):
 PSYoungGen      total 518656K, used 12455K [0x00000000d5580000, 0x00000000f6a80000, 0x0000000100000000)
  eden space 493568K, 0% used [0x00000000d5580000,0x00000000d5580000,0x00000000f3780000)
  from space 25088K, 49% used [0x00000000f5200000,0x00000000f5e29fc0,0x00000000f6a80000)
  to   space 26112K, 0% used [0x00000000f3780000,0x00000000f3780000,0x00000000f5100000)
 ParOldGen       total 212480K, used 73971K [0x0000000080000000, 0x000000008cf80000, 0x00000000d5580000)
  object space 212480K, 34% used [0x0000000080000000,0x000000008483ce90,0x000000008cf80000)
 Metaspace       used 80201K, capacity 84102K, committed 85400K, reserved 1122304K
  class space    used 10870K, capacity 11596K, committed 11952K, reserved 1048576K
}
Event: 55.871 GC heap before
{Heap before GC invocations=33 (full 4):
 PSYoungGen      total 518656K, used 506023K [0x00000000d5580000, 0x00000000f6a80000, 0x0000000100000000)
  eden space 493568K, 100% used [0x00000000d5580000,0x00000000f3780000,0x00000000f3780000)
  from space 25088K, 49% used [0x00000000f5200000,0x00000000f5e29fc0,0x00000000f6a80000)
  to   space 26112K, 0% used [0x00000000f3780000,0x00000000f3780000,0x00000000f5100000)
 ParOldGen       total 212480K, used 73971K [0x0000000080000000, 0x000000008cf80000, 0x00000000d5580000)
  object space 212480K, 34% used [0x0000000080000000,0x000000008483ce90,0x000000008cf80000)
 Metaspace       used 80207K, capacity 84102K, committed 85400K, reserved 1122304K
  class space    used 10870K, capacity 11596K, committed 11952K, reserved 1048576K
Event: 55.917 GC heap after
Heap after GC invocations=33 (full 4):
 PSYoungGen      total 519680K, used 21325K [0x00000000d5580000, 0x00000000fb680000, 0x0000000100000000)
  eden space 493568K, 0% used [0x00000000d5580000,0x00000000d5580000,0x00000000f3780000)
  from space 26112K, 81% used [0x00000000f3780000,0x00000000f4c536a0,0x00000000f5100000)
  to   space 28672K, 0% used [0x00000000f9a80000,0x00000000f9a80000,0x00000000fb680000)
 ParOldGen       total 212480K, used 73971K [0x0000000080000000, 0x000000008cf80000, 0x00000000d5580000)
  object space 212480K, 34% used [0x0000000080000000,0x000000008483ce90,0x000000008cf80000)
 Metaspace       used 80207K, capacity 84102K, committed 85400K, reserved 1122304K
  class space    used 10870K, capacity 11596K, committed 11952K, reserved 1048576K
}
Event: 58.518 GC heap before
{Heap before GC invocations=34 (full 4):
 PSYoungGen      total 519680K, used 514893K [0x00000000d5580000, 0x00000000fb680000, 0x0000000100000000)
  eden space 493568K, 100% used [0x00000000d5580000,0x00000000f3780000,0x00000000f3780000)
  from space 26112K, 81% used [0x00000000f3780000,0x00000000f4c536a0,0x00000000f5100000)
  to   space 28672K, 0% used [0x00000000f9a80000,0x00000000f9a80000,0x00000000fb680000)
 ParOldGen       total 212480K, used 73971K [0x0000000080000000, 0x000000008cf80000, 0x00000000d5580000)
  object space 212480K, 34% used [0x0000000080000000,0x000000008483ce90,0x000000008cf80000)
 Metaspace       used 80213K, capacity 84102K, committed 85400K, reserved 1122304K
  class space    used 10870K, capacity 11596K, committed 11952K, reserved 1048576K
Event: 58.562 GC heap after
Heap after GC invocations=34 (full 4):
 PSYoungGen      total 594432K, used 16133K [0x00000000d5580000, 0x00000000fb880000, 0x0000000100000000)
  eden space 565760K, 0% used [0x00000000d5580000,0x00000000d5580000,0x00000000f7e00000)
  from space 28672K, 56% used [0x00000000f9a80000,0x00000000faa416a0,0x00000000fb680000)
  to   space 29184K, 0% used [0x00000000f7e00000,0x00000000f7e00000,0x00000000f9a80000)
 ParOldGen       total 212480K, used 75736K [0x0000000080000000, 0x000000008cf80000, 0x00000000d5580000)
  object space 212480K, 35% used [0x0000000080000000,0x00000000849f60e0,0x000000008cf80000)
 Metaspace       used 80213K, capacity 84102K, committed 85400K, reserved 1122304K
  class space    used 10870K, capacity 11596K, committed 11952K, reserved 1048576K
}
Event: 64.642 GC heap before
{Heap before GC invocations=35 (full 4):
 PSYoungGen      total 594432K, used 581893K [0x00000000d5580000, 0x00000000fb880000, 0x0000000100000000)
  eden space 565760K, 100% used [0x00000000d5580000,0x00000000f7e00000,0x00000000f7e00000)
  from space 28672K, 56% used [0x00000000f9a80000,0x00000000faa416a0,0x00000000fb680000)
  to   space 29184K, 0% used [0x00000000f7e00000,0x00000000f7e00000,0x00000000f9a80000)
 ParOldGen       total 212480K, used 75736K [0x0000000080000000, 0x000000008cf80000, 0x00000000d5580000)
  object space 212480K, 35% used [0x0000000080000000,0x00000000849f60e0,0x000000008cf80000)
 Metaspace       used 80273K, capacity 84252K, committed 85400K, reserved 1122304K
  class space    used 10873K, capacity 11599K, committed 11952K, reserved 1048576K
Event: 64.680 GC heap after
Heap after GC invocations=35 (full 4):
 PSYoungGen      total 594944K, used 6220K [0x00000000d5580000, 0x00000000ffe80000, 0x0000000100000000)
  eden space 565760K, 0% used [0x00000000d5580000,0x00000000d5580000,0x00000000f7e00000)
  from space 29184K, 21% used [0x00000000f7e00000,0x00000000f8413018,0x00000000f9a80000)
  to   space 28160K, 0% used [0x00000000fe300000,0x00000000fe300000,0x00000000ffe80000)
 ParOldGen       total 212480K, used 79464K [0x0000000080000000, 0x000000008cf80000, 0x00000000d5580000)
  object space 212480K, 37% used [0x0000000080000000,0x0000000084d9a0e0,0x000000008cf80000)
 Metaspace       used 80273K, capacity 84252K, committed 85400K, reserved 1122304K
  class space    used 10873K, capacity 11599K, committed 11952K, reserved 1048576K
}
Event: 69.502 GC heap before
{Heap before GC invocations=36 (full 4):
 PSYoungGen      total 594944K, used 571980K [0x00000000d5580000, 0x00000000ffe80000, 0x0000000100000000)
  eden space 565760K, 100% used [0x00000000d5580000,0x00000000f7e00000,0x00000000f7e00000)
  from space 29184K, 21% used [0x00000000f7e00000,0x00000000f8413018,0x00000000f9a80000)
  to   space 28160K, 0% used [0x00000000fe300000,0x00000000fe300000,0x00000000ffe80000)
 ParOldGen       total 212480K, used 79464K [0x0000000080000000, 0x000000008cf80000, 0x00000000d5580000)
  object space 212480K, 37% used [0x0000000080000000,0x0000000084d9a0e0,0x000000008cf80000)
 Metaspace       used 82487K, capacity 86788K, committed 87320K, reserved 1124352K
  class space    used 11141K, capacity 11921K, committed 12080K, reserved 1048576K
Event: 69.632 GC heap after
Heap after GC invocations=36 (full 4):
 PSYoungGen      total 635904K, used 28154K [0x00000000d5580000, 0x0000000100000000, 0x0000000100000000)
  eden space 607744K, 0% used [0x00000000d5580000,0x00000000d5580000,0x00000000fa700000)
  from space 28160K, 99% used [0x00000000fe300000,0x00000000ffe7e920,0x00000000ffe80000)
  to   space 45568K, 0% used [0x00000000fa700000,0x00000000fa700000,0x00000000fd380000)
 ParOldGen       total 212480K, used 112756K [0x0000000080000000, 0x000000008cf80000, 0x00000000d5580000)
  object space 212480K, 53% used [0x0000000080000000,0x0000000086e1d0f8,0x000000008cf80000)
 Metaspace       used 82487K, capacity 86788K, committed 87320K, reserved 1124352K
  class space    used 11141K, capacity 11921K, committed 12080K, reserved 1048576K
}

