# JRE version: OpenJDK Runtime Environment (8.0_242-b01) (build 1.8.0_242-release-1644-b01)
# Java VM: OpenJDK 64-Bit Server VM (25.242-b01 mixed mode windows-amd64 compressed oops)
Heap:
 PSYoungGen      total 43008K, used 24837K [0x0000000790380000, 0x0000000793380000, 0x00000007c0000000)
  eden space 36864K, 67% used [0x0000000790380000,0x0000000791bc17e0,0x0000000792780000)
  from space 6144K, 0% used [0x0000000792780000,0x0000000792780000,0x0000000792d80000)
  to   space 6144K, 0% used [0x0000000792d80000,0x0000000792d80000,0x0000000793380000)
 ParOldGen       total 69632K, used 7769K [0x0000000730a00000, 0x0000000734e00000, 0x0000000790380000)
  object space 69632K, 11% used [0x0000000730a00000,0x00000007311965e8,0x0000000734e00000)
 Metaspace       used 22526K, capacity 22986K, committed 23168K, reserved 1069056K
  class space    used 2674K, capacity 2821K, committed 2944K, reserved 1048576K
GC Heap History (8 events):
Event: 0.897 GC heap before
{Heap before GC invocations=1 (full 0):
 PSYoungGen      total 43008K, used 36864K [0x0000000790380000, 0x0000000793380000, 0x00000007c0000000)
  eden space 36864K, 100% used [0x0000000790380000,0x0000000792780000,0x0000000792780000)
  from space 6144K, 0% used [0x0000000792d80000,0x0000000792d80000,0x0000000793380000)
  to   space 6144K, 0% used [0x0000000792780000,0x0000000792780000,0x0000000792d80000)
 ParOldGen       total 98304K, used 0K [0x0000000730a00000, 0x0000000736a00000, 0x0000000790380000)
  object space 98304K, 0% used [0x0000000730a00000,0x0000000730a00000,0x0000000736a00000)
 Metaspace       used 10680K, capacity 10844K, committed 11008K, reserved 1058816K
  class space    used 1140K, capacity 1212K, committed 1280K, reserved 1048576K
Event: 0.905 GC heap after
Heap after GC invocations=1 (full 0):
 PSYoungGen      total 43008K, used 6137K [0x0000000790380000, 0x0000000793380000, 0x00000007c0000000)
  eden space 36864K, 0% used [0x0000000790380000,0x0000000790380000,0x0000000792780000)
  from space 6144K, 99% used [0x0000000792780000,0x0000000792d7e760,0x0000000792d80000)
  to   space 6144K, 0% used [0x0000000792d80000,0x0000000792d80000,0x0000000793380000)
 ParOldGen       total 98304K, used 2278K [0x0000000730a00000, 0x0000000736a00000, 0x0000000790380000)
  object space 98304K, 2% used [0x0000000730a00000,0x0000000730c399d8,0x0000000736a00000)
 Metaspace       used 10680K, capacity 10844K, committed 11008K, reserved 1058816K
  class space    used 1140K, capacity 1212K, committed 1280K, reserved 1048576K
}
Event: 1.598 GC heap before
{Heap before GC invocations=2 (full 0):
 PSYoungGen      total 43008K, used 43001K [0x0000000790380000, 0x0000000793380000, 0x00000007c0000000)
  eden space 36864K, 100% used [0x0000000790380000,0x0000000792780000,0x0000000792780000)
  from space 6144K, 99% used [0x0000000792780000,0x0000000792d7e760,0x0000000792d80000)
  to   space 6144K, 0% used [0x0000000792d80000,0x0000000792d80000,0x0000000793380000)
 ParOldGen       total 98304K, used 2278K [0x0000000730a00000, 0x0000000736a00000, 0x0000000790380000)
  object space 98304K, 2% used [0x0000000730a00000,0x0000000730c399d8,0x0000000736a00000)
 Metaspace       used 18235K, capacity 18572K, committed 18944K, reserved 1067008K
  class space    used 2103K, capacity 2214K, committed 2304K, reserved 1048576K
Event: 1.611 GC heap after
Heap after GC invocations=2 (full 0):
 PSYoungGen      total 43008K, used 6123K [0x0000000790380000, 0x0000000793380000, 0x00000007c0000000)
  eden space 36864K, 0% used [0x0000000790380000,0x0000000790380000,0x0000000792780000)
  from space 6144K, 99% used [0x0000000792d80000,0x000000079337ac20,0x0000000793380000)
  to   space 6144K, 0% used [0x0000000792780000,0x0000000792780000,0x0000000792d80000)
 ParOldGen       total 98304K, used 7668K [0x0000000730a00000, 0x0000000736a00000, 0x0000000790380000)
  object space 98304K, 7% used [0x0000000730a00000,0x000000073117d298,0x0000000736a00000)
 Metaspace       used 18235K, capacity 18572K, committed 18944K, reserved 1067008K
  class space    used 2103K, capacity 2214K, committed 2304K, reserved 1048576K
}
Event: 1.810 GC heap before
{Heap before GC invocations=3 (full 0):
 PSYoungGen      total 43008K, used 17448K [0x0000000790380000, 0x0000000793380000, 0x00000007c0000000)
  eden space 36864K, 30% used [0x0000000790380000,0x0000000790e8f6b0,0x0000000792780000)
  from space 6144K, 99% used [0x0000000792d80000,0x000000079337ac20,0x0000000793380000)
  to   space 6144K, 0% used [0x0000000792780000,0x0000000792780000,0x0000000792d80000)
 ParOldGen       total 98304K, used 7668K [0x0000000730a00000, 0x0000000736a00000, 0x0000000790380000)
  object space 98304K, 7% used [0x0000000730a00000,0x000000073117d298,0x0000000736a00000)
 Metaspace       used 20771K, capacity 21160K, committed 21248K, reserved 1069056K
  class space    used 2434K, capacity 2560K, committed 2560K, reserved 1048576K
Event: 1.818 GC heap after
Heap after GC invocations=3 (full 0):
 PSYoungGen      total 43008K, used 6143K [0x0000000790380000, 0x0000000793380000, 0x00000007c0000000)
  eden space 36864K, 0% used [0x0000000790380000,0x0000000790380000,0x0000000792780000)
  from space 6144K, 99% used [0x0000000792780000,0x0000000792d7fe68,0x0000000792d80000)
  to   space 6144K, 0% used [0x0000000792d80000,0x0000000792d80000,0x0000000793380000)
 ParOldGen       total 98304K, used 9414K [0x0000000730a00000, 0x0000000736a00000, 0x0000000790380000)
  object space 98304K, 9% used [0x0000000730a00000,0x00000007313318c8,0x0000000736a00000)
 Metaspace       used 20771K, capacity 21160K, committed 21248K, reserved 1069056K
  class space    used 2434K, capacity 2560K, committed 2560K, reserved 1048576K
}
Event: 1.818 GC heap before
{Heap before GC invocations=4 (full 1):
 PSYoungGen      total 43008K, used 6143K [0x0000000790380000, 0x0000000793380000, 0x00000007c0000000)
  eden space 36864K, 0% used [0x0000000790380000,0x0000000790380000,0x0000000792780000)
  from space 6144K, 99% used [0x0000000792780000,0x0000000792d7fe68,0x0000000792d80000)
  to   space 6144K, 0% used [0x0000000792d80000,0x0000000792d80000,0x0000000793380000)
 ParOldGen       total 98304K, used 9414K [0x0000000730a00000, 0x0000000736a00000, 0x0000000790380000)
  object space 98304K, 9% used [0x0000000730a00000,0x00000007313318c8,0x0000000736a00000)
 Metaspace       used 20771K, capacity 21160K, committed 21248K, reserved 1069056K
  class space    used 2434K, capacity 2560K, committed 2560K, reserved 1048576K
Event: 1.858 GC heap after
Heap after GC invocations=4 (full 1):
 PSYoungGen      total 43008K, used 0K [0x0000000790380000, 0x0000000793380000, 0x00000007c0000000)
  eden space 36864K, 0% used [0x0000000790380000,0x0000000790380000,0x0000000792780000)
  from space 6144K, 0% used [0x0000000792780000,0x0000000792780000,0x0000000792d80000)
  to   space 6144K, 0% used [0x0000000792d80000,0x0000000792d80000,0x0000000793380000)
 ParOldGen       total 69632K, used 7769K [0x0000000730a00000, 0x0000000734e00000, 0x0000000790380000)
  object space 69632K, 11% used [0x0000000730a00000,0x00000007311965e8,0x0000000734e00000)
 Metaspace       used 20771K, capacity 21160K, committed 21248K, reserved 1069056K
  class space    used 2434K, capacity 2560K, committed 2560K, reserved 1048576K
}

