# JRE version: OpenJDK Runtime Environment (8.0_242-b01) (build 1.8.0_242-release-1644-b01)
# Java VM: OpenJDK 64-Bit Server VM (25.242-b01 mixed mode windows-amd64 compressed oops)
Heap:
 PSYoungGen      total 43008K, used 24099K [0x0000000790380000, 0x0000000793380000, 0x00000007c0000000)
  eden space 36864K, 65% used [0x0000000790380000,0x0000000791b08ff0,0x0000000792780000)
  from space 6144K, 0% used [0x0000000792780000,0x0000000792780000,0x0000000792d80000)
  to   space 6144K, 0% used [0x0000000792d80000,0x0000000792d80000,0x0000000793380000)
 ParOldGen       total 68608K, used 7773K [0x0000000730a00000, 0x0000000734d00000, 0x0000000790380000)
  object space 68608K, 11% used [0x0000000730a00000,0x0000000731197698,0x0000000734d00000)
 Metaspace       used 22669K, capacity 23114K, committed 23424K, reserved 1069056K
  class space    used 2680K, capacity 2821K, committed 2944K, reserved 1048576K
GC Heap History (8 events):
Event: 0.944 GC heap before
{Heap before GC invocations=1 (full 0):
 PSYoungGen      total 43008K, used 36864K [0x0000000790380000, 0x0000000793380000, 0x00000007c0000000)
  eden space 36864K, 100% used [0x0000000790380000,0x0000000792780000,0x0000000792780000)
  from space 6144K, 0% used [0x0000000792d80000,0x0000000792d80000,0x0000000793380000)
  to   space 6144K, 0% used [0x0000000792780000,0x0000000792780000,0x0000000792d80000)
 ParOldGen       total 98304K, used 0K [0x0000000730a00000, 0x0000000736a00000, 0x0000000790380000)
  object space 98304K, 0% used [0x0000000730a00000,0x0000000730a00000,0x0000000736a00000)
 Metaspace       used 10686K, capacity 10844K, committed 11008K, reserved 1058816K
  class space    used 1140K, capacity 1212K, committed 1280K, reserved 1048576K
Event: 0.953 GC heap after
Heap after GC invocations=1 (full 0):
 PSYoungGen      total 43008K, used 6123K [0x0000000790380000, 0x0000000793380000, 0x00000007c0000000)
  eden space 36864K, 0% used [0x0000000790380000,0x0000000790380000,0x0000000792780000)
  from space 6144K, 99% used [0x0000000792780000,0x0000000792d7ada8,0x0000000792d80000)
  to   space 6144K, 0% used [0x0000000792d80000,0x0000000792d80000,0x0000000793380000)
 ParOldGen       total 98304K, used 2307K [0x0000000730a00000, 0x0000000736a00000, 0x0000000790380000)
  object space 98304K, 2% used [0x0000000730a00000,0x0000000730c40e28,0x0000000736a00000)
 Metaspace       used 10686K, capacity 10844K, committed 11008K, reserved 1058816K
  class space    used 1140K, capacity 1212K, committed 1280K, reserved 1048576K
}
Event: 1.988 GC heap before
{Heap before GC invocations=2 (full 0):
 PSYoungGen      total 43008K, used 42987K [0x0000000790380000, 0x0000000793380000, 0x00000007c0000000)
  eden space 36864K, 100% used [0x0000000790380000,0x0000000792780000,0x0000000792780000)
  from space 6144K, 99% used [0x0000000792780000,0x0000000792d7ada8,0x0000000792d80000)
  to   space 6144K, 0% used [0x0000000792d80000,0x0000000792d80000,0x0000000793380000)
 ParOldGen       total 98304K, used 2307K [0x0000000730a00000, 0x0000000736a00000, 0x0000000790380000)
  object space 98304K, 2% used [0x0000000730a00000,0x0000000730c40e28,0x0000000736a00000)
 Metaspace       used 18280K, capacity 18576K, committed 18944K, reserved 1067008K
  class space    used 2103K, capacity 2214K, committed 2304K, reserved 1048576K
Event: 2.005 GC heap after
Heap after GC invocations=2 (full 0):
 PSYoungGen      total 43008K, used 6139K [0x0000000790380000, 0x0000000793380000, 0x00000007c0000000)
  eden space 36864K, 0% used [0x0000000790380000,0x0000000790380000,0x0000000792780000)
  from space 6144K, 99% used [0x0000000792d80000,0x000000079337ec10,0x0000000793380000)
  to   space 6144K, 0% used [0x0000000792780000,0x0000000792780000,0x0000000792d80000)
 ParOldGen       total 98304K, used 7681K [0x0000000730a00000, 0x0000000736a00000, 0x0000000790380000)
  object space 98304K, 7% used [0x0000000730a00000,0x0000000731180520,0x0000000736a00000)
 Metaspace       used 18280K, capacity 18576K, committed 18944K, reserved 1067008K
  class space    used 2103K, capacity 2214K, committed 2304K, reserved 1048576K
}
Event: 2.238 GC heap before
{Heap before GC invocations=3 (full 0):
 PSYoungGen      total 43008K, used 17438K [0x0000000790380000, 0x0000000793380000, 0x00000007c0000000)
  eden space 36864K, 30% used [0x0000000790380000,0x0000000790e88fa0,0x0000000792780000)
  from space 6144K, 99% used [0x0000000792d80000,0x000000079337ec10,0x0000000793380000)
  to   space 6144K, 0% used [0x0000000792780000,0x0000000792780000,0x0000000792d80000)
 ParOldGen       total 98304K, used 7681K [0x0000000730a00000, 0x0000000736a00000, 0x0000000790380000)
  object space 98304K, 7% used [0x0000000730a00000,0x0000000731180520,0x0000000736a00000)
 Metaspace       used 20794K, capacity 21164K, committed 21248K, reserved 1069056K
  class space    used 2427K, capacity 2560K, committed 2560K, reserved 1048576K
Event: 2.247 GC heap after
Heap after GC invocations=3 (full 0):
 PSYoungGen      total 43008K, used 6125K [0x0000000790380000, 0x0000000793380000, 0x00000007c0000000)
  eden space 36864K, 0% used [0x0000000790380000,0x0000000790380000,0x0000000792780000)
  from space 6144K, 99% used [0x0000000792780000,0x0000000792d7b7f8,0x0000000792d80000)
  to   space 6144K, 0% used [0x0000000792d80000,0x0000000792d80000,0x0000000793380000)
 ParOldGen       total 98304K, used 9421K [0x0000000730a00000, 0x0000000736a00000, 0x0000000790380000)
  object space 98304K, 9% used [0x0000000730a00000,0x0000000731333650,0x0000000736a00000)
 Metaspace       used 20794K, capacity 21164K, committed 21248K, reserved 1069056K
  class space    used 2427K, capacity 2560K, committed 2560K, reserved 1048576K
}
Event: 2.247 GC heap before
{Heap before GC invocations=4 (full 1):
 PSYoungGen      total 43008K, used 6125K [0x0000000790380000, 0x0000000793380000, 0x00000007c0000000)
  eden space 36864K, 0% used [0x0000000790380000,0x0000000790380000,0x0000000792780000)
  from space 6144K, 99% used [0x0000000792780000,0x0000000792d7b7f8,0x0000000792d80000)
  to   space 6144K, 0% used [0x0000000792d80000,0x0000000792d80000,0x0000000793380000)
 ParOldGen       total 98304K, used 9421K [0x0000000730a00000, 0x0000000736a00000, 0x0000000790380000)
  object space 98304K, 9% used [0x0000000730a00000,0x0000000731333650,0x0000000736a00000)
 Metaspace       used 20794K, capacity 21164K, committed 21248K, reserved 1069056K
  class space    used 2427K, capacity 2560K, committed 2560K, reserved 1048576K
Event: 2.286 GC heap after
Heap after GC invocations=4 (full 1):
 PSYoungGen      total 43008K, used 0K [0x0000000790380000, 0x0000000793380000, 0x00000007c0000000)
  eden space 36864K, 0% used [0x0000000790380000,0x0000000790380000,0x0000000792780000)
  from space 6144K, 0% used [0x0000000792780000,0x0000000792780000,0x0000000792d80000)
  to   space 6144K, 0% used [0x0000000792d80000,0x0000000792d80000,0x0000000793380000)
 ParOldGen       total 68608K, used 7773K [0x0000000730a00000, 0x0000000734d00000, 0x0000000790380000)
  object space 68608K, 11% used [0x0000000730a00000,0x0000000731197698,0x0000000734d00000)
 Metaspace       used 20794K, capacity 21164K, committed 21248K, reserved 1069056K
  class space    used 2427K, capacity 2560K, committed 2560K, reserved 1048576K
}

