# JRE version: OpenJDK Runtime Environment (8.0_242-b01) (build 1.8.0_242-release-1644-b01)
# Java VM: OpenJDK 64-Bit Server VM (25.242-b01 mixed mode windows-amd64 compressed oops)
Heap:
 PSYoungGen      total 153600K, used 33087K [0x0000000790380000, 0x000000079cd00000, 0x00000007c0000000)
  eden space 147456K, 22% used [0x0000000790380000,0x00000007923cfc88,0x0000000799380000)
  from space 6144K, 0% used [0x0000000799380000,0x0000000799380000,0x0000000799980000)
  to   space 17408K, 0% used [0x000000079bc00000,0x000000079bc00000,0x000000079cd00000)
 ParOldGen       total 68096K, used 17748K [0x0000000730a00000, 0x0000000734c80000, 0x0000000790380000)
  object space 68096K, 26% used [0x0000000730a00000,0x0000000731b552e8,0x0000000734c80000)
 Metaspace       used 36622K, capacity 37155K, committed 37464K, reserved 1081344K
  class space    used 4642K, capacity 4773K, committed 4864K, reserved 1048576K
GC Heap History (10 events):
Event: 1.707 GC heap before
{Heap before GC invocations=3 (full 0):
 PSYoungGen      total 79872K, used 18320K [0x0000000790380000, 0x0000000795780000, 0x00000007c0000000)
  eden space 73728K, 16% used [0x0000000790380000,0x0000000790f65508,0x0000000794b80000)
  from space 6144K, 99% used [0x0000000795180000,0x000000079577ec30,0x0000000795780000)
  to   space 6144K, 0% used [0x0000000794b80000,0x0000000794b80000,0x0000000795180000)
 ParOldGen       total 98304K, used 7680K [0x0000000730a00000, 0x0000000736a00000, 0x0000000790380000)
  object space 98304K, 7% used [0x0000000730a00000,0x00000007311801f0,0x0000000736a00000)
 Metaspace       used 20764K, capacity 21156K, committed 21248K, reserved 1069056K
  class space    used 2434K, capacity 2560K, committed 2560K, reserved 1048576K
Event: 1.716 GC heap after
Heap after GC invocations=3 (full 0):
 PSYoungGen      total 79872K, used 6112K [0x0000000790380000, 0x0000000799f80000, 0x00000007c0000000)
  eden space 73728K, 0% used [0x0000000790380000,0x0000000790380000,0x0000000794b80000)
  from space 6144K, 99% used [0x0000000794b80000,0x0000000795178108,0x0000000795180000)
  to   space 6144K, 0% used [0x0000000799980000,0x0000000799980000,0x0000000799f80000)
 ParOldGen       total 98304K, used 9476K [0x0000000730a00000, 0x0000000736a00000, 0x0000000790380000)
  object space 98304K, 9% used [0x0000000730a00000,0x0000000731341238,0x0000000736a00000)
 Metaspace       used 20764K, capacity 21156K, committed 21248K, reserved 1069056K
  class space    used 2434K, capacity 2560K, committed 2560K, reserved 1048576K
}
Event: 1.716 GC heap before
{Heap before GC invocations=4 (full 1):
 PSYoungGen      total 79872K, used 6112K [0x0000000790380000, 0x0000000799f80000, 0x00000007c0000000)
  eden space 73728K, 0% used [0x0000000790380000,0x0000000790380000,0x0000000794b80000)
  from space 6144K, 99% used [0x0000000794b80000,0x0000000795178108,0x0000000795180000)
  to   space 6144K, 0% used [0x0000000799980000,0x0000000799980000,0x0000000799f80000)
 ParOldGen       total 98304K, used 9476K [0x0000000730a00000, 0x0000000736a00000, 0x0000000790380000)
  object space 98304K, 9% used [0x0000000730a00000,0x0000000731341238,0x0000000736a00000)
 Metaspace       used 20764K, capacity 21156K, committed 21248K, reserved 1069056K
  class space    used 2434K, capacity 2560K, committed 2560K, reserved 1048576K
Event: 1.753 GC heap after
Heap after GC invocations=4 (full 1):
 PSYoungGen      total 79872K, used 0K [0x0000000790380000, 0x0000000799f80000, 0x00000007c0000000)
  eden space 73728K, 0% used [0x0000000790380000,0x0000000790380000,0x0000000794b80000)
  from space 6144K, 0% used [0x0000000794b80000,0x0000000794b80000,0x0000000795180000)
  to   space 6144K, 0% used [0x0000000799980000,0x0000000799980000,0x0000000799f80000)
 ParOldGen       total 68096K, used 7785K [0x0000000730a00000, 0x0000000734c80000, 0x0000000790380000)
  object space 68096K, 11% used [0x0000000730a00000,0x000000073119a588,0x0000000734c80000)
 Metaspace       used 20764K, capacity 21156K, committed 21248K, reserved 1069056K
  class space    used 2434K, capacity 2560K, committed 2560K, reserved 1048576K
}
Event: 3.029 GC heap before
{Heap before GC invocations=5 (full 1):
 PSYoungGen      total 79872K, used 73728K [0x0000000790380000, 0x0000000799f80000, 0x00000007c0000000)
  eden space 73728K, 100% used [0x0000000790380000,0x0000000794b80000,0x0000000794b80000)
  from space 6144K, 0% used [0x0000000794b80000,0x0000000794b80000,0x0000000795180000)
  to   space 6144K, 0% used [0x0000000799980000,0x0000000799980000,0x0000000799f80000)
 ParOldGen       total 68096K, used 7785K [0x0000000730a00000, 0x0000000734c80000, 0x0000000790380000)
  object space 68096K, 11% used [0x0000000730a00000,0x000000073119a588,0x0000000734c80000)
 Metaspace       used 30890K, capacity 31344K, committed 31488K, reserved 1077248K
  class space    used 3909K, capacity 4044K, committed 4096K, reserved 1048576K
Event: 3.047 GC heap after
Heap after GC invocations=5 (full 1):
 PSYoungGen      total 118272K, used 6114K [0x0000000790380000, 0x0000000799f80000, 0x00000007c0000000)
  eden space 112128K, 0% used [0x0000000790380000,0x0000000790380000,0x0000000797100000)
  from space 6144K, 99% used [0x0000000799980000,0x0000000799f78918,0x0000000799f80000)
  to   space 6144K, 0% used [0x0000000799380000,0x0000000799380000,0x0000000799980000)
 ParOldGen       total 68096K, used 19741K [0x0000000730a00000, 0x0000000734c80000, 0x0000000790380000)
  object space 68096K, 28% used [0x0000000730a00000,0x0000000731d47548,0x0000000734c80000)
 Metaspace       used 30890K, capacity 31344K, committed 31488K, reserved 1077248K
  class space    used 3909K, capacity 4044K, committed 4096K, reserved 1048576K
}
Event: 3.446 GC heap before
{Heap before GC invocations=6 (full 1):
 PSYoungGen      total 118272K, used 26585K [0x0000000790380000, 0x0000000799f80000, 0x00000007c0000000)
  eden space 112128K, 18% used [0x0000000790380000,0x000000079177daf0,0x0000000797100000)
  from space 6144K, 99% used [0x0000000799980000,0x0000000799f78918,0x0000000799f80000)
  to   space 6144K, 0% used [0x0000000799380000,0x0000000799380000,0x0000000799980000)
 ParOldGen       total 68096K, used 19741K [0x0000000730a00000, 0x0000000734c80000, 0x0000000790380000)
  object space 68096K, 28% used [0x0000000730a00000,0x0000000731d47548,0x0000000734c80000)
 Metaspace       used 34766K, capacity 35230K, committed 35416K, reserved 1081344K
  class space    used 4451K, capacity 4579K, committed 4608K, reserved 1048576K
Event: 3.457 GC heap after
Heap after GC invocations=6 (full 1):
 PSYoungGen      total 153600K, used 6123K [0x0000000790380000, 0x000000079cd00000, 0x00000007c0000000)
  eden space 147456K, 0% used [0x0000000790380000,0x0000000790380000,0x0000000799380000)
  from space 6144K, 99% used [0x0000000799380000,0x000000079997add8,0x0000000799980000)
  to   space 17408K, 0% used [0x000000079bc00000,0x000000079bc00000,0x000000079cd00000)
 ParOldGen       total 68096K, used 25195K [0x0000000730a00000, 0x0000000734c80000, 0x0000000790380000)
  object space 68096K, 37% used [0x0000000730a00000,0x000000073229af98,0x0000000734c80000)
 Metaspace       used 34766K, capacity 35230K, committed 35416K, reserved 1081344K
  class space    used 4451K, capacity 4579K, committed 4608K, reserved 1048576K
}
Event: 3.457 GC heap before
{Heap before GC invocations=7 (full 2):
 PSYoungGen      total 153600K, used 6123K [0x0000000790380000, 0x000000079cd00000, 0x00000007c0000000)
  eden space 147456K, 0% used [0x0000000790380000,0x0000000790380000,0x0000000799380000)
  from space 6144K, 99% used [0x0000000799380000,0x000000079997add8,0x0000000799980000)
  to   space 17408K, 0% used [0x000000079bc00000,0x000000079bc00000,0x000000079cd00000)
 ParOldGen       total 68096K, used 25195K [0x0000000730a00000, 0x0000000734c80000, 0x0000000790380000)
  object space 68096K, 37% used [0x0000000730a00000,0x000000073229af98,0x0000000734c80000)
 Metaspace       used 34766K, capacity 35230K, committed 35416K, reserved 1081344K
  class space    used 4451K, capacity 4579K, committed 4608K, reserved 1048576K
Event: 3.526 GC heap after
Heap after GC invocations=7 (full 2):
 PSYoungGen      total 153600K, used 0K [0x0000000790380000, 0x000000079cd00000, 0x00000007c0000000)
  eden space 147456K, 0% used [0x0000000790380000,0x0000000790380000,0x0000000799380000)
  from space 6144K, 0% used [0x0000000799380000,0x0000000799380000,0x0000000799980000)
  to   space 17408K, 0% used [0x000000079bc00000,0x000000079bc00000,0x000000079cd00000)
 ParOldGen       total 68096K, used 17748K [0x0000000730a00000, 0x0000000734c80000, 0x0000000790380000)
  object space 68096K, 26% used [0x0000000730a00000,0x0000000731b552e8,0x0000000734c80000)
 Metaspace       used 34766K, capacity 35230K, committed 35416K, reserved 1081344K
  class space    used 4451K, capacity 4579K, committed 4608K, reserved 1048576K
}

